### Custom WaveView ADV log file, revision V-2023.12-SP2-2 (build Jul 10, ) ###
### created at 12:48:05 on Thu Sep 19 2024 (Linux AMD64) ###
### Host Name: dell52   User ID: mbass01   PID: 1030364   ###
wv_start_log
# (0) running in waveview only mode
# (0) SW_SX_PERL_LIB defined
# (0) SW_SX_TCL_LIB defined
# (0) HOME defined
wv_select_window {Custom WaveView} 
wv_move_window {Custom WaveView} {} 40 63
wv_select_window {Custom WaveView} 
wv_select_tab {Custom WaveView} {} {RBMenu} {Bar.File}
wv_press_tool_button {Custom WaveView} {} {OpenWaveform0} 
wv_move_window {FileDialog} {} 398 65
wv_select_dialog {FileDialog} 
wv_move_window {FileDialog} {} 408 212
wv_select_dialog {FileDialog} 
wv_select_list_item {FileDialog} {} {FileList} {inv.sw0} 6
wv_dclick_list_item {FileDialog} {} {FileList} {inv.sw0} 6
wv_select_window {Custom WaveView} 
wv_select_tree_item {Custom WaveView} {} {hierview} {D0:inv.sw0(0)} {0} {+sep=@}
wv_tree_context_menu {Custom WaveView} {} {hierview} 135 11 {D0:inv.sw0(0)} {+sep=@}
wv_select_menu_item {Custom WaveView} {} {FileViewPopMenu.Close This File} 
wv_press_button {Confirmation} {} {Ok} 
wv_press_tool_button {Custom WaveView} {} {OpenWaveformFile0} 
wv_move_window {FileDialog} {} 398 65
wv_select_dialog {FileDialog} 
wv_move_window {FileDialog} {} 408 212
wv_select_list_item {FileDialog} {} {FileList} {inv.sw0} 6
wv_select_dialog {FileDialog} 
wv_press_button {FileDialog} {} {Ok} 
wv_select_tree_item {Custom WaveView} {} {hierview} {D0:inv.sw0(0)} {0} {+sep=@}
wv_expand_tree_item {Custom WaveView} {} {hierview} {D0:inv.sw0(0)} {+sep=@}
wv_select_tree_item {Custom WaveView} {} {hierview} {D0:inv.sw0(0)@toplevel(0)} {0} {+sep=@}
wv_select_tree_item {Custom WaveView} {} {hierview} {D0:inv.sw0(0)@toplevel(0)} {0} {+sep=@}
wv_drag_tree_item {Custom WaveView} {} {hierview} {D0:inv.sw0(0)} {+sep=@}
wv_select_tree_item {Custom WaveView} {} {hierview} {D0:inv.sw0(0)} {0} {+sep=@}
wv_drag_enter WV1
wv_drop_on WV1
wv_select_window {Custom WaveView} 
wv_select_waveview 1 {waveview 1}
wv_select_wv_item WV1.PANEL1:1.LINE1
wv_select_line WV1.PANEL1:1.LINE1
wv_select_waveview 1 {waveview 1}
wv_select_wv_item WV1.PANEL1:1.LINE1
wv_select_line WV1.PANEL1:1.LINE1
wv_select_waveview 1 {waveview 1}
wv_select_wv_item WV1.PANEL1:1.LINE3
wv_select_line WV1.PANEL1:1.LINE3
wv_select_waveview 1 {waveview 1}
wv_select_wv_item WV1.PANEL1:1.LINE4
wv_select_line WV1.PANEL1:1.LINE4
wv_dclick_wv_item WV1.PANEL1:1.LINE4
wv_release_wv_item WV1 35 69
wv_move_window {WaveformAttributesDialog} {} 510 212
wv_select_dialog {WaveformAttributesDialog} 
wv_move_window {WaveformAttributesDialog} {} 402 201
wv_close_dialog {WaveformAttributesDialog} 
wv_select_window {Custom WaveView} 
wv_select_waveview 1 {waveview 1}
wv_select_wv_item WV1.PANEL1:1.LINE1
wv_select_line WV1.PANEL1:1.LINE1
wv_select_waveview 1 {waveview 1}
wv_waveview_context_menu WV1.PANEL1:1.LINE1
wv_select_waveview 1 {waveview 1}
wv_select_menu_item {Custom WaveView} {waveview 1:1} {SignalPopMenu.Delete} 
wv_press_button {Confirmation} {} {Cancel} 
wv_select_waveview 1 {waveview 1}
wv_waveview_context_menu WV1.PANEL1:1.LINE1
wv_select_waveview 1 {waveview 1}
wv_select_menu_item {Custom WaveView} {waveview 1:1} {SignalPopMenu.Hide} 
wv_select_waveview 1 {waveview 1}
wv_waveview_context_menu WV1.PANEL1:1.LINE4
wv_select_waveview 1 {waveview 1}
wv_select_menu_item {Custom WaveView} {waveview 1:1} {SignalPopMenu.Hide} 
wv_select_waveview 1 {waveview 1}
wv_waveview_context_menu WV1.PANEL1:1.LINE5
wv_select_waveview 1 {waveview 1}
wv_select_menu_item {Custom WaveView} {waveview 1:1} {SignalPopMenu.Hide} 
wv_select_waveview 1 {waveview 1}
wv_waveview_context_menu WV1.PANEL1:1.LINE6
wv_select_waveview 1 {waveview 1}
wv_select_menu_item {Custom WaveView} {waveview 1:1} {SignalPopMenu.Hide} 
wv_select_window {Custom WaveView} 
wv_select_tree_item {Custom WaveView} {} {hierview} {D0:inv.sw0(0)@toplevel(0)} {0} {+sep=@}
wv_select_tree_item {Custom WaveView} {} {hierview} {D0:inv.sw0(0)@toplevel(0)} {0} {+sep=@}
wv_select_tree_item {Custom WaveView} {} {hierview} {D0:inv.sw0(0)} {0} {+sep=@}
wv_select_window {Custom WaveView} 
wv_press_tool_button {Custom WaveView} {waveview 1:1} {Waveview.CloseBtn} 
wv_move_window {Confirmation} {} 496 301
wv_select_dialog {Confirmation} 
wv_move_window {Confirmation} {} 506 341
wv_press_button {Confirmation} {} {Ok} 
wv_select_tree_item {Custom WaveView} {} {hierview} {D0:inv.sw0(0)} {0} {+sep=@}
wv_collapse_tree_item {Custom WaveView} {} {hierview} {D0:inv.sw0(0)} {+sep=@}
wv_select_tree_item {Custom WaveView} {} {hierview} {D0:inv.sw0(0)} {0} {+sep=@}
wv_select_tree_item {Custom WaveView} {} {hierview} {D0:inv.sw0(0)} {0} {+sep=@}
wv_expand_tree_item {Custom WaveView} {} {hierview} {D0:inv.sw0(0)} {+sep=@}
wv_select_tree_item {Custom WaveView} {} {hierview} {D0:inv.sw0(0)@toplevel(0)} {0} {+sep=@}
wv_select_list_item {Custom WaveView} {} {sigview} {v(in)} 3
wv_drag_list_item {Custom WaveView} {} {sigview} {v(in)} 3
wv_press_tool_button {Custom WaveView} {} {NewWaveView0} 
wv_resize_browser {Custom WaveView} {} {waveview 1:1} 640 381
wv_select_list_item {Custom WaveView} {} {sigview} {v(out)} 4
wv_drag_list_item {Custom WaveView} {} {sigview} {v(out)} 4
wv_drag_enter WV1
wv_drop_on WV1
wv_select_window {Custom WaveView} 
wv_select_list_item {Custom WaveView} {} {sigview} {v(in)} 3
wv_drag_list_item {Custom WaveView} {} {sigview} {v(in)} 3
wv_drag_enter WV1
wv_drag_to WV1 3 86
wv_drag_to WV1 69 24
wv_drop_on WV1
wv_select_window {Custom WaveView} 
wv_select_waveview 1 {waveview 1}
wv_waveview_context_menu WV1.PANEL1:1.LINE1
wv_select_waveview 1 {waveview 1}
wv_select_menu_item {Custom WaveView} {waveview 1:1} {SignalPopMenu.Attributes...} 
wv_press_button {WaveformAttributesDialog} {} {Apply} 
wv_press_button {WaveformAttributesDialog} {} {Close} 
wv_select_window {Custom WaveView} 
