**** optimized parameters optrange
*                                        %norm-sen        %change

 .param wp = 474.7148n       $  100.0000          7.1562       
 ****

 **info** dc convergence successful at Newton-Raphson method 
1****** HSPICE -- K-2015.06-3 linux64 (Aug  5 2015) ******                      
 ******  
 inverter

 ****** operating point information tnom=  25.000 temp=  25.000 ******
 ****** operating point status is voltage   simulation time is     0.     
    node    =voltage      node    =voltage      node    =voltage

 +0:vdd     =   1.0500  0:vi      =   0.      0:vo      =   1.0500 


 maximum nodal capacitance=   2.321E-15         on node     0:vi              

    nodal  capacitance table 

    node    =    cap      node    =    cap      node    =    cap

 +0:vdd     =   2.1432f 0:vi      =   2.3214f 0:vo      =   1.9290f

 
 ******
 inverter

 ****** transient analysis tnom=  25.000 temp=  25.000 ******
 tphl=  12.2742p  targ=  12.0000u   trig=  12.0000u
 tplh=  12.7429p  targ=  17.0000u   trig=  17.0000u
 tpd= 468.6375f

          ***** job concluded