**** optimized parameters optrange
*                                        %norm-sen        %change

 .param wp = 438.4421n       $  100.0000         -7.3319       
 ****

 **info** dc convergence successful at Newton-Raphson method 
1****** HSPICE -- K-2015.06-3 linux64 (Aug  5 2015) ******                      
 ******  
 inverter

 ****** operating point information tnom=  25.000 temp=  25.000 ******
 ****** operating point status is voltage   simulation time is     0.     
    node    =voltage      node    =voltage      node    =voltage

 +0:vdd     =   1.0500  0:vi      =   0.      0:vo      =   1.0500 


 maximum nodal capacitance=   2.201E-15         on node     0:vi              

    nodal  capacitance table 

    node    =    cap      node    =    cap      node    =    cap

 +0:vdd     =   1.9794f 0:vi      =   2.2008f 0:vo      =   1.8258f

 
 ******
 inverter

 ****** transient analysis tnom=  25.000 temp=  25.000 ******
 tphl=  11.8873p  targ=  12.0000u   trig=  12.0000u
 tplh=  13.0249p  targ=  17.0000u   trig=  17.0000u
 tp=  12.4561p

          ***** job concluded