 ****** operating point information tnom=  25.000 temp=  25.000 ******
 ****** operating point status is voltage   simulation time is     0.     
    node    =voltage      node    =voltage      node    =voltage

 +0:load_1_o=  33.8669n 0:load_2_o=  33.8669n 0:vdd     =   1.0500 
 +0:vi      =   0.      0:vo      =   1.0500 

 ******
 inverter

 ****** transient analysis tnom=  25.000 temp=  25.000 ******
 tphl=  34.5683p  targ=   3.0000u   trig=   3.0000u
 tplh=  29.9519p  targ=   4.0000u   trig=   4.0000u

          ***** job concluded
1****** HSPICE -- K-2015.06-3 linux64 (Aug  5 2015) ******   


****** operating point information tnom=  25.000 temp=  25.000 ******
 ****** operating point status is voltage   simulation time is     0.     
    node    =voltage      node    =voltage      node    =voltage

 +0:load_1_o=  33.8669n 0:load_2_o=  33.8669n 0:vdd     =   1.0500 
 +0:vi      =   0.      0:vo      =   1.0500 

 ******
 inverter

 ****** transient analysis tnom=  25.000 temp=  25.000 ******
 tphl=  22.7602p  targ=   3.0000u   trig=   3.0000u
 tplh=  19.2171p  targ=   4.0000u   trig=   4.0000u

          ***** job concluded
1****** HSPICE -- K-2015.06-3 linux64 (Aug  5 2015) ******           


  ****** operating point information tnom=  25.000 temp=  25.000 ******
 ****** operating point status is voltage   simulation time is     0.     
    node    =voltage      node    =voltage      node    =voltage

 +0:load_1_o=  33.8669n 0:load_2_o=  33.8669n 0:vdd     =   1.0500 
 +0:vi      =   0.      0:vo      =   1.0500 

 ******
 inverter

 ****** transient analysis tnom=  25.000 temp=  25.000 ******
 tphl=  19.4498p  targ=   3.0000u   trig=   3.0000u
 tplh=  15.9661p  targ=   4.0000u   trig=   4.0000u

          ***** job concluded
1****** HSPICE -- K-2015.06-3 linux64 (Aug  5 2015) ******  


 ****** operating point information tnom=  25.000 temp=  25.000 ******
 ****** operating point status is voltage   simulation time is     0.     
    node    =voltage      node    =voltage      node    =voltage

 +0:load_1_o=  33.8669n 0:load_2_o=  33.8669n 0:vdd     =   1.0500 
 +0:vi      =   0.      0:vo      =   1.0500 

 ******
 inverter

 ****** transient analysis tnom=  25.000 temp=  25.000 ******
 tphl=  17.6897p  targ=   3.0000u   trig=   3.0000u
 tplh=  14.5125p  targ=   4.0000u   trig=   4.0000u

          ***** job concluded
1****** HSPICE -- K-2015.06-3 linux64 (Aug  5 2015) ******    


 ****** operating point information tnom=  25.000 temp=  25.000 ******
 ****** operating point status is voltage   simulation time is     0.     
    node    =voltage      node    =voltage      node    =voltage

 +0:load_1_o=  33.8669n 0:load_2_o=  33.8669n 0:vdd     =   1.0500 
 +0:vi      =   0.      0:vo      =   1.0500 

 ******
 inverter

 ****** transient analysis tnom=  25.000 temp=  25.000 ******
 tphl=  16.5475p  targ=   3.0000u   trig=   3.0000u
 tplh=  13.5729p  targ=   4.0000u   trig=   4.0000u

          ***** job concluded
1****** HSPICE -- K-2015.06-3 linux64 (Aug  5 2015) ******  


 ****** operating point information tnom=  25.000 temp=  25.000 ******
 ****** operating point status is voltage   simulation time is     0.     
    node    =voltage      node    =voltage      node    =voltage

 +0:load_1_o=  33.8669n 0:load_2_o=  33.8669n 0:vdd     =   1.0500 
 +0:vi      =   0.      0:vo      =   1.0500 

 ******
 inverter

 ****** transient analysis tnom=  25.000 temp=  25.000 ******
 tphl=  15.7501p  targ=   3.0000u   trig=   3.0000u
 tplh=  12.9448p  targ=   4.0000u   trig=   4.0000u

          ***** job concluded