**** This is a trimmed version holding just the info we need


 ****** operating point information tnom=  25.000 temp=  25.000 ******
 ****** operating point status is voltage   simulation time is     0.     
    node    =voltage      node    =voltage      node    =voltage

 +0:vdd     = 500.0000m 0:vi      =   0.      0:vo      = 499.9999m

 ******
 inverter

 ****** transient analysis tnom=  25.000 temp=  25.000 ******
 tphl=  63.9342p  targ=   3.0001u   trig=   3.0000u
 tplh=  67.4436p  targ=   4.0001u   trig=   4.0000u

          ***** job concluded
1****** HSPICE -- K-2015.06-3 linux64 (Aug  5 2015) ******  


 ****** operating point information tnom=  25.000 temp=  25.000 ******
 ****** operating point status is voltage   simulation time is     0.     
    node    =voltage      node    =voltage      node    =voltage

 +0:vdd     = 600.0000m 0:vi      =   0.      0:vo      = 599.9999m

 ******
 inverter

 ****** transient analysis tnom=  25.000 temp=  25.000 ******
 tphl=  34.2668p  targ=   3.0000u   trig=   3.0000u
 tplh=  33.5265p  targ=   4.0000u   trig=   4.0000u

          ***** job concluded
1****** HSPICE -- K-2015.06-3 linux64 (Aug  5 2015) ******            


 ****** operating point information tnom=  25.000 temp=  25.000 ******
 ****** operating point status is voltage   simulation time is     0.     
    node    =voltage      node    =voltage      node    =voltage

 +0:vdd     = 700.0000m 0:vi      =   0.      0:vo      = 700.0000m

 ******
 inverter

 ****** transient analysis tnom=  25.000 temp=  25.000 ******
 tphl=  23.7793p  targ=   3.0000u   trig=   3.0000u
 tplh=  22.5813p  targ=   4.0000u   trig=   4.0000u

          ***** job concluded
1****** HSPICE -- K-2015.06-3 linux64 (Aug  5 2015) ******   


 ****** operating point information tnom=  25.000 temp=  25.000 ******
 ****** operating point status is voltage   simulation time is     0.     
    node    =voltage      node    =voltage      node    =voltage

 +0:vdd     = 800.0000m 0:vi      =   0.      0:vo      = 800.0000m

 ******
 inverter

 ****** transient analysis tnom=  25.000 temp=  25.000 ******
 tphl=  19.2263p  targ=   3.0000u   trig=   3.0000u
 tplh=  17.0160p  targ=   4.0000u   trig=   4.0000u

          ***** job concluded
1****** HSPICE -- K-2015.06-3 linux64 (Aug  5 2015) ******  


 ****** operating point information tnom=  25.000 temp=  25.000 ******
 ****** operating point status is voltage   simulation time is     0.     
    node    =voltage      node    =voltage      node    =voltage

 +0:vdd     = 900.0000m 0:vi      =   0.      0:vo      = 900.0000m

 ******
 inverter

 ****** transient analysis tnom=  25.000 temp=  25.000 ******
 tphl=  16.4486p  targ=   3.0000u   trig=   3.0000u
 tplh=  14.2860p  targ=   4.0000u   trig=   4.0000u

          ***** job concluded
1****** HSPICE -- K-2015.06-3 linux64 (Aug  5 2015) ******   


  ****** operating point information tnom=  25.000 temp=  25.000 ******
 ****** operating point status is voltage   simulation time is     0.     
    node    =voltage      node    =voltage      node    =voltage

 +0:vdd     =   1.0500  0:vi      =   0.      0:vo      =   1.0500 

 ******
 inverter

 ****** transient analysis tnom=  25.000 temp=  25.000 ******
 tphl=  13.5281p  targ=   3.0000u   trig=   3.0000u
 tplh=  12.0161p  targ=   4.0000u   trig=   4.0000u

          ***** job concluded
1****** HSPICE -- K-2015.06-3 linux64 (Aug  5 2015) ******    